<?xml version="1.0" encoding="UTF-8"?>
<testsuite xmlns:xsi="http://www.w3.org/2001/XMLSchema-instance" xsi:noNamespaceSchemaLocation="https://maven.apache.org/surefire/maven-surefire-plugin/xsd/surefire-test-report-3.0.xsd" version="3.0" name="com.example.LionTest" time="0.049" tests="5" errors="0" skipped="0" failures="0">
  <properties>
[...]
</properties>
  <testcase name="constructorThrowsExceptionForInvalidSex" classname="com.example.LionTest" time="0.004"/>
  <testcase name="constructorSetsCorrectManeValue(String, boolean)[1]" classname="com.example.LionTest" time="0.004"/>
  <testcase name="constructorSetsCorrectManeValue(String, boolean)[2]" classname="com.example.LionTest" time="0.004"/>
  <testcase name="getKittensReturnsCorrectValue" classname="com.example.LionTest" time="0.003"/>
  <testcase name="getFoodReturnsCorrectFoodList" classname="com.example.LionTest" time="0.003"/>
</testsuite>